Found and added required header to zip: C:\EdabDeluxe\Melacs\SW\Unsorted Top\Top\Melacs\Application_OEM.X\..\..\include\bits\local_lim.h
Found and added required header to zip: C:\EdabDeluxe\Melacs\SW\Unsorted Top\Top\Melacs\Application_OEM.X\..\..\include\bits\wordsize.h
Found and added required header to zip: C:\EdabDeluxe\Melacs\SW\Unsorted Top\Top\Melacs\Application_OEM.X\..\..\include\device.h
Found and added required header to zip: C:\EdabDeluxe\Melacs\SW\Unsorted Top\Top\Melacs\Application_OEM.X\..\..\include\dirent.h
Found and added required header to zip: C:\EdabDeluxe\Melacs\SW\Unsorted Top\Top\Melacs\Application_OEM.X\..\..\include\endian.h
Found and added required header to zip: C:\EdabDeluxe\Melacs\SW\Unsorted Top\Top\Melacs\Application_OEM.X\..\..\include\errno.h
Found and added required header to zip: C:\EdabDeluxe\Melacs\SW\Unsorted Top\Top\Melacs\Application_OEM.X\..\..\include\fcntl.h
Found and added required header to zip: C:\EdabDeluxe\Melacs\SW\Unsorted Top\Top\Melacs\Application_OEM.X\..\..\include\fsys.h
Found and added required header to zip: C:\EdabDeluxe\Melacs\SW\Unsorted Top\Top\Melacs\Application_OEM.X\..\..\include\fsysinit.h
Found and added required header to zip: C:\EdabDeluxe\Melacs\SW\Unsorted Top\Top\Melacs\Application_OEM.X\..\..\include\iorqst.h
Found and added required header to zip: C:\EdabDeluxe\Melacs\SW\Unsorted Top\Top\Melacs\Application_OEM.X\..\..\include\limits.h
Found and added required header to zip: C:\EdabDeluxe\Melacs\SW\Unsorted Top\Top\Melacs\Application_OEM.X\..\..\include\locale.h
Found and added required header to zip: C:\EdabDeluxe\Melacs\SW\Unsorted Top\Top\Melacs\Application_OEM.X\..\..\include\mrendez.h
Found and added required header to zip: C:\EdabDeluxe\Melacs\SW\Unsorted Top\Top\Melacs\Application_OEM.X\..\..\include\nano_limits.h
Found and added required header to zip: C:\EdabDeluxe\Melacs\SW\Unsorted Top\Top\Melacs\Application_OEM.X\..\..\include\netinet\in.h
Found and added required header to zip: C:\EdabDeluxe\Melacs\SW\Unsorted Top\Top\Melacs\Application_OEM.X\..\..\include\netinet6\in6.h
Found and added required header to zip: C:\EdabDeluxe\Melacs\SW\Unsorted Top\Top\Melacs\Application_OEM.X\..\..\include\pthread.h
Found and added required header to zip: C:\EdabDeluxe\Melacs\SW\Unsorted Top\Top\Melacs\Application_OEM.X\..\..\include\signal.h
Found and added required header to zip: C:\EdabDeluxe\Melacs\SW\Unsorted Top\Top\Melacs\Application_OEM.X\..\..\include\stdbool.h
Found and added required header to zip: C:\EdabDeluxe\Melacs\SW\Unsorted Top\Top\Melacs\Application_OEM.X\..\..\include\stddef.h
Found and added required header to zip: C:\EdabDeluxe\Melacs\SW\Unsorted Top\Top\Melacs\Application_OEM.X\..\..\include\stdint.h
Found and added required header to zip: C:\EdabDeluxe\Melacs\SW\Unsorted Top\Top\Melacs\Application_OEM.X\..\..\include\stdio.h
Found and added required header to zip: C:\EdabDeluxe\Melacs\SW\Unsorted Top\Top\Melacs\Application_OEM.X\..\..\include\stdlib.h
Found and added required header to zip: C:\EdabDeluxe\Melacs\SW\Unsorted Top\Top\Melacs\Application_OEM.X\..\..\include\string.h
Found and added required header to zip: C:\EdabDeluxe\Melacs\SW\Unsorted Top\Top\Melacs\Application_OEM.X\..\..\include\sys.h
Found and added required header to zip: C:\EdabDeluxe\Melacs\SW\Unsorted Top\Top\Melacs\Application_OEM.X\..\..\include\sys\cdefs.h
Found and added required header to zip: C:\EdabDeluxe\Melacs\SW\Unsorted Top\Top\Melacs\Application_OEM.X\..\..\include\sys\interrupt.h
Found and added required header to zip: C:\EdabDeluxe\Melacs\SW\Unsorted Top\Top\Melacs\Application_OEM.X\..\..\include\sys\ioctl.h
Found and added required header to zip: C:\EdabDeluxe\Melacs\SW\Unsorted Top\Top\Melacs\Application_OEM.X\..\..\include\sys\mount.h
Found and added required header to zip: C:\EdabDeluxe\Melacs\SW\Unsorted Top\Top\Melacs\Application_OEM.X\..\..\include\sys\socket.h
Found and added required header to zip: C:\EdabDeluxe\Melacs\SW\Unsorted Top\Top\Melacs\Application_OEM.X\..\..\include\sys\sockio.h
Found and added required header to zip: C:\EdabDeluxe\Melacs\SW\Unsorted Top\Top\Melacs\Application_OEM.X\..\..\include\sys\stat.h
Found and added required header to zip: C:\EdabDeluxe\Melacs\SW\Unsorted Top\Top\Melacs\Application_OEM.X\..\..\include\sys\types.h
Found and added required header to zip: C:\EdabDeluxe\Melacs\SW\Unsorted Top\Top\Melacs\Application_OEM.X\..\..\include\tcpinit.h
Found and added required header to zip: C:\EdabDeluxe\Melacs\SW\Unsorted Top\Top\Melacs\Application_OEM.X\..\..\include\unistd.h
Found and added required header to zip: C:\EdabDeluxe\Melacs\SW\Unsorted Top\Top\Melacs\Application_OEM.X\..\..\include\usb\usb.h
Found and added required header to zip: C:\EdabDeluxe\Melacs\SW\Unsorted Top\Top\Melacs\Application_OEM.X\..\..\include\usb\usbd.h
Found and added required header to zip: C:\EdabDeluxe\Melacs\SW\Unsorted Top\Top\Melacs\Application_OEM.X\analogSensor10bit.h
Found and added required header to zip: C:\EdabDeluxe\Melacs\SW\Unsorted Top\Top\Melacs\Application_OEM.X\log.h
